2025-09-18 22:46:59,473 - __main__ - INFO - 시작 시간: 2025-09-18 22:46:59.432252
2025-09-18 22:46:59,473 - resilient_runner - INFO - 컴포넌트 초기화 시작...
2025-09-18 22:46:59,485 - progress_tracker - INFO - Redis 연결 성공 (세션 ID: eff08546)
2025-09-18 22:46:59,498 - database - INFO - PostgreSQL 연결 성공
2025-09-18 22:46:59,498 - resilient_runner - INFO - 모든 컴포넌트 초기화 완료
2025-09-18 22:46:59,910 - resilient_runner - WARNING - Tranco URL 로드 실패: Failed to download Tranco list: 404, 테스트 URL 사용
2025-09-18 22:46:59,911 - resilient_runner - INFO - 배치 크롤링 시작: 1-50/500
2025-09-18 22:47:00,017 - database - WARNING - Duplicate URL in batch, skipping: https://jsonplaceholder.typicode.com/posts/2
2025-09-18 22:47:00,020 - database - WARNING - Duplicate URL in batch, skipping: https://jsonplaceholder.typicode.com/posts/1
2025-09-18 22:47:00,036 - database - WARNING - Duplicate URL in batch, skipping: https://jsonplaceholder.typicode.com/albums/1
2025-09-18 22:47:00,040 - database - WARNING - Duplicate URL in batch, skipping: https://jsonplaceholder.typicode.com/posts/1
2025-09-18 22:47:00,042 - database - WARNING - Duplicate URL in batch, skipping: https://jsonplaceholder.typicode.com/users/1
2025-09-18 22:47:00,052 - database - WARNING - Duplicate URL in batch, skipping: https://jsonplaceholder.typicode.com/posts/2
2025-09-18 22:47:00,054 - database - WARNING - Duplicate URL in batch, skipping: https://jsonplaceholder.typicode.com/users/1
2025-09-18 22:47:00,054 - database - WARNING - Duplicate URL in batch, skipping: https://jsonplaceholder.typicode.com/posts/1
2025-09-18 22:47:00,054 - database - WARNING - Duplicate URL in batch, skipping: https://jsonplaceholder.typicode.com/albums/1
2025-09-18 22:47:00,055 - database - WARNING - Duplicate URL in batch, skipping: https://jsonplaceholder.typicode.com/users/2
2025-09-18 22:47:00,073 - database - WARNING - Duplicate URL in batch, skipping: https://jsonplaceholder.typicode.com/users/2
2025-09-18 22:47:00,075 - database - WARNING - Duplicate URL in batch, skipping: https://jsonplaceholder.typicode.com/posts/2
2025-09-18 22:47:00,079 - database - WARNING - Duplicate URL in batch, skipping: https://jsonplaceholder.typicode.com/users/1
2025-09-18 22:47:00,085 - database - WARNING - Duplicate URL in batch, skipping: https://jsonplaceholder.typicode.com/users/1
2025-09-18 22:47:00,085 - database - WARNING - Duplicate URL in batch, skipping: https://jsonplaceholder.typicode.com/posts/1
2025-09-18 22:47:00,086 - database - WARNING - Duplicate URL in batch, skipping: https://jsonplaceholder.typicode.com/albums/1
2025-09-18 22:47:00,087 - database - WARNING - Duplicate URL in batch, skipping: https://jsonplaceholder.typicode.com/posts/2
2025-09-18 22:47:00,090 - database - WARNING - Duplicate URL in batch, skipping: https://jsonplaceholder.typicode.com/users/2
2025-09-18 22:47:00,094 - database - WARNING - Duplicate URL in batch, skipping: https://jsonplaceholder.typicode.com/albums/1
2025-09-18 22:47:00,145 - database - WARNING - Duplicate URL in batch, skipping: https://jsonplaceholder.typicode.com/users/2
2025-09-18 22:47:00,685 - database - WARNING - Duplicate URL in batch, skipping: https://httpbin.org/html
2025-09-18 22:47:00,705 - database - WARNING - Duplicate URL in batch, skipping: https://httpbin.org/status/200
2025-09-18 22:47:00,708 - database - WARNING - Duplicate URL in batch, skipping: https://httpbin.org/json
2025-09-18 22:47:00,728 - database - WARNING - Duplicate URL in batch, skipping: https://httpbin.org/xml
2025-09-18 22:47:00,740 - database - WARNING - Duplicate URL in batch, skipping: https://httpbin.org/delay/1
2025-09-18 22:47:00,865 - database - WARNING - Duplicate URL in batch, skipping: https://httpbin.org/json
2025-09-18 22:47:00,866 - database - WARNING - Duplicate URL in batch, skipping: https://httpbin.org/html
2025-09-18 22:47:00,868 - database - WARNING - Duplicate URL in batch, skipping: https://httpbin.org/xml
2025-09-18 22:47:00,880 - database - WARNING - Duplicate URL in batch, skipping: https://httpbin.org/delay/1
2025-09-18 22:47:00,884 - database - WARNING - Duplicate URL in batch, skipping: https://httpbin.org/status/200
2025-09-18 22:47:00,900 - database - WARNING - Duplicate URL in batch, skipping: https://httpbin.org/json
2025-09-18 22:47:00,905 - database - WARNING - Duplicate URL in batch, skipping: https://httpbin.org/html
2025-09-18 22:47:00,913 - database - WARNING - Duplicate URL in batch, skipping: https://httpbin.org/xml
2025-09-18 22:47:00,930 - database - WARNING - Duplicate URL in batch, skipping: https://httpbin.org/delay/1
2025-09-18 22:47:00,943 - database - WARNING - Duplicate URL in batch, skipping: https://httpbin.org/status/200
2025-09-18 22:47:01,052 - database - WARNING - Duplicate URL in batch, skipping: https://httpbin.org/json
2025-09-18 22:47:01,056 - database - WARNING - Duplicate URL in batch, skipping: https://httpbin.org/html
2025-09-18 22:47:01,058 - database - WARNING - Duplicate URL in batch, skipping: https://httpbin.org/xml
2025-09-18 22:47:01,072 - database - WARNING - Duplicate URL in batch, skipping: https://httpbin.org/delay/1
2025-09-18 22:47:01,077 - database - WARNING - Duplicate URL in batch, skipping: https://httpbin.org/status/200
2025-09-18 22:47:01,079 - resilient_runner - INFO - 배치 완료: 50/50 성공
2025-09-18 22:47:01,079 - resilient_runner - INFO - 메모리 정리 시작...
2025-09-18 22:47:01,089 - resilient_runner - INFO - 가비지 컬렉션: 885개 객체 정리
2025-09-18 22:47:01,089 - resilient_runner - INFO - 메모리 사용량: 48.2MB (87.4%)
2025-09-18 22:47:02,097 - resilient_runner - INFO - 배치 크롤링 시작: 51-100/500
2025-09-18 22:47:02,196 - database - WARNING - Duplicate URL in batch, skipping: https://jsonplaceholder.typicode.com/posts/1
2025-09-18 22:47:02,200 - database - WARNING - Duplicate URL in batch, skipping: https://jsonplaceholder.typicode.com/users/1
2025-09-18 22:47:02,200 - database - WARNING - Duplicate URL in batch, skipping: https://jsonplaceholder.typicode.com/users/1
2025-09-18 22:47:02,201 - database - WARNING - Duplicate URL in batch, skipping: https://jsonplaceholder.typicode.com/albums/1
2025-09-18 22:47:02,201 - database - WARNING - Duplicate URL in batch, skipping: https://jsonplaceholder.typicode.com/users/2
2025-09-18 22:47:02,202 - database - WARNING - Duplicate URL in batch, skipping: https://jsonplaceholder.typicode.com/posts/2
2025-09-18 22:47:02,222 - database - WARNING - Duplicate URL in batch, skipping: https://jsonplaceholder.typicode.com/posts/2
2025-09-18 22:47:02,231 - database - WARNING - Duplicate URL in batch, skipping: https://jsonplaceholder.typicode.com/posts/1
2025-09-18 22:47:02,232 - database - WARNING - Duplicate URL in batch, skipping: https://jsonplaceholder.typicode.com/posts/2
2025-09-18 22:47:02,236 - database - WARNING - Duplicate URL in batch, skipping: https://jsonplaceholder.typicode.com/posts/1
2025-09-18 22:47:02,238 - database - WARNING - Duplicate URL in batch, skipping: https://jsonplaceholder.typicode.com/albums/1
2025-09-18 22:47:02,240 - database - WARNING - Duplicate URL in batch, skipping: https://jsonplaceholder.typicode.com/users/2
2025-09-18 22:47:02,246 - database - WARNING - Duplicate URL in batch, skipping: https://jsonplaceholder.typicode.com/users/1
2025-09-18 22:47:02,264 - database - WARNING - Duplicate URL in batch, skipping: https://jsonplaceholder.typicode.com/users/2
2025-09-18 22:47:02,265 - database - WARNING - Duplicate URL in batch, skipping: https://jsonplaceholder.typicode.com/posts/2
2025-09-18 22:47:02,265 - database - WARNING - Duplicate URL in batch, skipping: https://jsonplaceholder.typicode.com/users/1
2025-09-18 22:47:02,269 - database - WARNING - Duplicate URL in batch, skipping: https://jsonplaceholder.typicode.com/albums/1
2025-09-18 22:47:02,273 - database - WARNING - Duplicate URL in batch, skipping: https://jsonplaceholder.typicode.com/posts/1
2025-09-18 22:47:02,274 - database - WARNING - Duplicate URL in batch, skipping: https://jsonplaceholder.typicode.com/posts/2
2025-09-18 22:47:02,281 - database - WARNING - Duplicate URL in batch, skipping: https://jsonplaceholder.typicode.com/users/1
2025-09-18 22:47:02,295 - database - WARNING - Duplicate URL in batch, skipping: https://jsonplaceholder.typicode.com/users/2
2025-09-18 22:47:02,307 - database - WARNING - Duplicate URL in batch, skipping: https://jsonplaceholder.typicode.com/posts/1
2025-09-18 22:47:02,309 - database - WARNING - Duplicate URL in batch, skipping: https://jsonplaceholder.typicode.com/albums/1
2025-09-18 22:47:02,312 - database - WARNING - Duplicate URL in batch, skipping: https://jsonplaceholder.typicode.com/albums/1
2025-09-18 22:47:02,329 - database - WARNING - Duplicate URL in batch, skipping: https://jsonplaceholder.typicode.com/users/2
2025-09-18 22:47:02,855 - database - WARNING - Duplicate URL in batch, skipping: https://httpbin.org/status/200
2025-09-18 22:47:02,861 - database - WARNING - Duplicate URL in batch, skipping: https://httpbin.org/delay/1
2025-09-18 22:47:02,866 - database - WARNING - Duplicate URL in batch, skipping: https://httpbin.org/json
2025-09-18 22:47:02,870 - database - WARNING - Duplicate URL in batch, skipping: https://httpbin.org/json
2025-09-18 22:47:02,871 - database - WARNING - Duplicate URL in batch, skipping: https://httpbin.org/delay/1
2025-09-18 22:47:02,887 - database - WARNING - Duplicate URL in batch, skipping: https://httpbin.org/status/200
2025-09-18 22:47:02,893 - database - WARNING - Duplicate URL in batch, skipping: https://httpbin.org/xml
2025-09-18 22:47:02,908 - database - WARNING - Duplicate URL in batch, skipping: https://httpbin.org/html
2025-09-18 22:47:02,942 - database - WARNING - Duplicate URL in batch, skipping: https://httpbin.org/xml
2025-09-18 22:47:02,944 - database - WARNING - Duplicate URL in batch, skipping: https://httpbin.org/html
2025-09-18 22:47:03,044 - database - WARNING - Duplicate URL in batch, skipping: https://httpbin.org/json
2025-09-18 22:47:03,051 - database - WARNING - Duplicate URL in batch, skipping: https://httpbin.org/html
2025-09-18 22:47:03,057 - database - WARNING - Duplicate URL in batch, skipping: https://httpbin.org/xml
2025-09-18 22:47:03,061 - database - WARNING - Duplicate URL in batch, skipping: https://httpbin.org/status/200
2025-09-18 22:47:03,062 - database - WARNING - Duplicate URL in batch, skipping: https://httpbin.org/delay/1
2025-09-18 22:47:03,083 - database - WARNING - Duplicate URL in batch, skipping: https://httpbin.org/json
2025-09-18 22:47:03,089 - database - WARNING - Duplicate URL in batch, skipping: https://httpbin.org/html
2025-09-18 22:47:03,109 - database - WARNING - Duplicate URL in batch, skipping: https://httpbin.org/xml
2025-09-18 22:47:03,152 - database - WARNING - Duplicate URL in batch, skipping: https://httpbin.org/delay/1
2025-09-18 22:47:03,154 - database - WARNING - Duplicate URL in batch, skipping: https://httpbin.org/status/200
2025-09-18 22:47:03,232 - database - WARNING - Duplicate URL in batch, skipping: https://httpbin.org/json
2025-09-18 22:47:03,240 - database - WARNING - Duplicate URL in batch, skipping: https://httpbin.org/html
2025-09-18 22:47:03,248 - database - WARNING - Duplicate URL in batch, skipping: https://httpbin.org/xml
2025-09-18 22:47:03,252 - database - WARNING - Duplicate URL in batch, skipping: https://httpbin.org/delay/1
2025-09-18 22:47:03,253 - database - WARNING - Duplicate URL in batch, skipping: https://httpbin.org/status/200
2025-09-18 22:47:03,254 - resilient_runner - INFO - 배치 완료: 50/50 성공
2025-09-18 22:47:03,256 - resilient_runner - INFO - 메모리 정리 시작...
2025-09-18 22:47:03,263 - resilient_runner - INFO - 가비지 컬렉션: 46개 객체 정리
2025-09-18 22:47:03,263 - resilient_runner - INFO - 메모리 사용량: 48.3MB (87.3%)
2025-09-18 22:47:04,267 - resilient_runner - INFO - 배치 크롤링 시작: 101-150/500
2025-09-18 22:47:04,362 - database - WARNING - Duplicate URL in batch, skipping: https://jsonplaceholder.typicode.com/users/2
2025-09-18 22:47:04,363 - database - WARNING - Duplicate URL in batch, skipping: https://jsonplaceholder.typicode.com/posts/1
2025-09-18 22:47:04,364 - database - WARNING - Duplicate URL in batch, skipping: https://jsonplaceholder.typicode.com/posts/1
2025-09-18 22:47:04,368 - database - WARNING - Duplicate URL in batch, skipping: https://jsonplaceholder.typicode.com/albums/1
2025-09-18 22:47:04,368 - database - WARNING - Duplicate URL in batch, skipping: https://jsonplaceholder.typicode.com/users/1
2025-09-18 22:47:04,372 - database - WARNING - Duplicate URL in batch, skipping: https://jsonplaceholder.typicode.com/posts/2
2025-09-18 22:47:04,380 - database - WARNING - Duplicate URL in batch, skipping: https://jsonplaceholder.typicode.com/albums/1
2025-09-18 22:47:04,381 - database - WARNING - Duplicate URL in batch, skipping: https://jsonplaceholder.typicode.com/posts/2
2025-09-18 22:47:04,397 - database - WARNING - Duplicate URL in batch, skipping: https://jsonplaceholder.typicode.com/posts/1
2025-09-18 22:47:04,398 - database - WARNING - Duplicate URL in batch, skipping: https://jsonplaceholder.typicode.com/posts/2
2025-09-18 22:47:04,401 - database - WARNING - Duplicate URL in batch, skipping: https://jsonplaceholder.typicode.com/albums/1
2025-09-18 22:47:04,402 - database - WARNING - Duplicate URL in batch, skipping: https://jsonplaceholder.typicode.com/users/2
2025-09-18 22:47:04,403 - database - WARNING - Duplicate URL in batch, skipping: https://jsonplaceholder.typicode.com/users/1
2025-09-18 22:47:04,404 - database - WARNING - Duplicate URL in batch, skipping: https://jsonplaceholder.typicode.com/posts/1
2025-09-18 22:47:04,419 - database - WARNING - Duplicate URL in batch, skipping: https://jsonplaceholder.typicode.com/posts/2
2025-09-18 22:47:04,425 - database - WARNING - Duplicate URL in batch, skipping: https://jsonplaceholder.typicode.com/users/1
2025-09-18 22:47:04,427 - database - WARNING - Duplicate URL in batch, skipping: https://jsonplaceholder.typicode.com/albums/1
2025-09-18 22:47:04,430 - database - WARNING - Duplicate URL in batch, skipping: https://jsonplaceholder.typicode.com/users/2
2025-09-18 22:47:04,434 - database - WARNING - Duplicate URL in batch, skipping: https://jsonplaceholder.typicode.com/posts/1
2025-09-18 22:47:04,435 - database - WARNING - Duplicate URL in batch, skipping: https://jsonplaceholder.typicode.com/users/1
2025-09-18 22:47:04,437 - database - WARNING - Duplicate URL in batch, skipping: https://jsonplaceholder.typicode.com/posts/2
2025-09-18 22:47:04,439 - database - WARNING - Duplicate URL in batch, skipping: https://jsonplaceholder.typicode.com/users/2
2025-09-18 22:47:04,462 - database - WARNING - Duplicate URL in batch, skipping: https://jsonplaceholder.typicode.com/albums/1
2025-09-18 22:47:04,490 - database - WARNING - Duplicate URL in batch, skipping: https://jsonplaceholder.typicode.com/users/2
2025-09-18 22:47:04,512 - database - WARNING - Duplicate URL in batch, skipping: https://jsonplaceholder.typicode.com/users/1
2025-09-18 22:47:05,039 - database - WARNING - Duplicate URL in batch, skipping: https://httpbin.org/html
2025-09-18 22:47:05,058 - database - WARNING - Duplicate URL in batch, skipping: https://httpbin.org/delay/1
2025-09-18 22:47:05,059 - database - WARNING - Duplicate URL in batch, skipping: https://httpbin.org/delay/1
2025-09-18 22:47:05,061 - database - WARNING - Duplicate URL in batch, skipping: https://httpbin.org/json
2025-09-18 22:47:05,063 - database - WARNING - Duplicate URL in batch, skipping: https://httpbin.org/status/200
2025-09-18 22:47:05,065 - database - WARNING - Duplicate URL in batch, skipping: https://httpbin.org/json
2025-09-18 22:47:05,065 - database - WARNING - Duplicate URL in batch, skipping: https://httpbin.org/html
2025-09-18 22:47:05,081 - database - WARNING - Duplicate URL in batch, skipping: https://httpbin.org/xml
2025-09-18 22:47:05,085 - database - WARNING - Duplicate URL in batch, skipping: https://httpbin.org/xml
2025-09-18 22:47:05,099 - database - WARNING - Duplicate URL in batch, skipping: https://httpbin.org/status/200
2025-09-18 22:47:05,233 - database - WARNING - Duplicate URL in batch, skipping: https://httpbin.org/json
2025-09-18 22:47:05,254 - database - WARNING - Duplicate URL in batch, skipping: https://httpbin.org/html
2025-09-18 22:47:05,257 - database - WARNING - Duplicate URL in batch, skipping: https://httpbin.org/xml
2025-09-18 22:47:05,259 - database - WARNING - Duplicate URL in batch, skipping: https://httpbin.org/delay/1
2025-09-18 22:47:05,260 - database - WARNING - Duplicate URL in batch, skipping: https://httpbin.org/status/200
2025-09-18 22:47:05,264 - database - WARNING - Duplicate URL in batch, skipping: https://httpbin.org/html
2025-09-18 22:47:05,265 - database - WARNING - Duplicate URL in batch, skipping: https://httpbin.org/json
2025-09-18 22:47:05,284 - database - WARNING - Duplicate URL in batch, skipping: https://httpbin.org/xml
2025-09-18 22:47:05,288 - database - WARNING - Duplicate URL in batch, skipping: https://httpbin.org/delay/1
2025-09-18 22:47:05,305 - database - WARNING - Duplicate URL in batch, skipping: https://httpbin.org/status/200
2025-09-18 22:47:05,426 - database - WARNING - Duplicate URL in batch, skipping: https://httpbin.org/json
2025-09-18 22:47:05,451 - database - WARNING - Duplicate URL in batch, skipping: https://httpbin.org/html
2025-09-18 22:47:05,457 - database - WARNING - Duplicate URL in batch, skipping: https://httpbin.org/xml
2025-09-18 22:47:05,460 - database - WARNING - Duplicate URL in batch, skipping: https://httpbin.org/delay/1
2025-09-18 22:47:05,463 - database - WARNING - Duplicate URL in batch, skipping: https://httpbin.org/status/200
2025-09-18 22:47:05,465 - resilient_runner - INFO - 배치 완료: 50/50 성공
2025-09-18 22:47:05,466 - resilient_runner - INFO - 메모리 정리 시작...
2025-09-18 22:47:05,479 - resilient_runner - INFO - 가비지 컬렉션: 92개 객체 정리
2025-09-18 22:47:05,480 - resilient_runner - INFO - 메모리 사용량: 48.5MB (87.5%)
2025-09-18 22:47:06,487 - resilient_runner - INFO - 배치 크롤링 시작: 151-200/500
2025-09-18 22:47:06,584 - database - WARNING - Duplicate URL in batch, skipping: https://jsonplaceholder.typicode.com/users/2
2025-09-18 22:47:06,586 - database - WARNING - Duplicate URL in batch, skipping: https://jsonplaceholder.typicode.com/users/2
2025-09-18 22:47:06,596 - database - WARNING - Duplicate URL in batch, skipping: https://jsonplaceholder.typicode.com/posts/1
2025-09-18 22:47:06,601 - database - WARNING - Duplicate URL in batch, skipping: https://jsonplaceholder.typicode.com/posts/1
2025-09-18 22:47:06,609 - database - WARNING - Duplicate URL in batch, skipping: https://jsonplaceholder.typicode.com/albums/1
2025-09-18 22:47:06,621 - database - WARNING - Duplicate URL in batch, skipping: https://jsonplaceholder.typicode.com/posts/1
2025-09-18 22:47:06,621 - database - WARNING - Duplicate URL in batch, skipping: https://jsonplaceholder.typicode.com/posts/2
2025-09-18 22:47:06,634 - database - WARNING - Duplicate URL in batch, skipping: https://jsonplaceholder.typicode.com/users/1
2025-09-18 22:47:06,641 - database - WARNING - Duplicate URL in batch, skipping: https://jsonplaceholder.typicode.com/users/2
2025-09-18 22:47:06,653 - database - WARNING - Duplicate URL in batch, skipping: https://jsonplaceholder.typicode.com/posts/1
2025-09-18 22:47:06,653 - database - WARNING - Duplicate URL in batch, skipping: https://jsonplaceholder.typicode.com/posts/2
2025-09-18 22:47:06,659 - database - WARNING - Duplicate URL in batch, skipping: https://jsonplaceholder.typicode.com/albums/1
2025-09-18 22:47:06,671 - database - WARNING - Duplicate URL in batch, skipping: https://jsonplaceholder.typicode.com/users/1
2025-09-18 22:47:06,679 - database - WARNING - Duplicate URL in batch, skipping: https://jsonplaceholder.typicode.com/users/2
2025-09-18 22:47:06,683 - database - WARNING - Duplicate URL in batch, skipping: https://jsonplaceholder.typicode.com/albums/1
2025-09-18 22:47:06,685 - database - WARNING - Duplicate URL in batch, skipping: https://jsonplaceholder.typicode.com/posts/1
2025-09-18 22:47:06,689 - database - WARNING - Duplicate URL in batch, skipping: https://jsonplaceholder.typicode.com/users/1
2025-09-18 22:47:06,692 - database - WARNING - Duplicate URL in batch, skipping: https://jsonplaceholder.typicode.com/users/1
2025-09-18 22:47:06,694 - database - WARNING - Duplicate URL in batch, skipping: https://jsonplaceholder.typicode.com/posts/2
2025-09-18 22:47:06,695 - database - WARNING - Duplicate URL in batch, skipping: https://jsonplaceholder.typicode.com/posts/2
2025-09-18 22:47:06,708 - database - WARNING - Duplicate URL in batch, skipping: https://jsonplaceholder.typicode.com/users/1
2025-09-18 22:47:06,710 - database - WARNING - Duplicate URL in batch, skipping: https://jsonplaceholder.typicode.com/posts/2
2025-09-18 22:47:06,720 - database - WARNING - Duplicate URL in batch, skipping: https://jsonplaceholder.typicode.com/users/2
2025-09-18 22:47:06,720 - database - WARNING - Duplicate URL in batch, skipping: https://jsonplaceholder.typicode.com/albums/1
2025-09-18 22:47:06,722 - database - WARNING - Duplicate URL in batch, skipping: https://jsonplaceholder.typicode.com/albums/1
2025-09-18 22:47:07,242 - database - WARNING - Duplicate URL in batch, skipping: https://httpbin.org/xml
2025-09-18 22:47:07,243 - database - WARNING - Duplicate URL in batch, skipping: https://httpbin.org/html
2025-09-18 22:47:07,255 - database - WARNING - Duplicate URL in batch, skipping: https://httpbin.org/json
2025-09-18 22:47:07,256 - database - WARNING - Duplicate URL in batch, skipping: https://httpbin.org/delay/1
2025-09-18 22:47:07,259 - database - WARNING - Duplicate URL in batch, skipping: https://httpbin.org/status/200
2025-09-18 22:47:07,263 - database - WARNING - Duplicate URL in batch, skipping: https://httpbin.org/json
2025-09-18 22:47:07,264 - database - WARNING - Duplicate URL in batch, skipping: https://httpbin.org/html
2025-09-18 22:47:07,281 - database - WARNING - Duplicate URL in batch, skipping: https://httpbin.org/status/200
2025-09-18 22:47:07,284 - database - WARNING - Duplicate URL in batch, skipping: https://httpbin.org/xml
2025-09-18 22:47:07,328 - database - WARNING - Duplicate URL in batch, skipping: https://httpbin.org/delay/1
2025-09-18 22:47:07,430 - database - WARNING - Duplicate URL in batch, skipping: https://httpbin.org/json
2025-09-18 22:47:07,430 - database - WARNING - Duplicate URL in batch, skipping: https://httpbin.org/html
2025-09-18 22:47:07,446 - database - WARNING - Duplicate URL in batch, skipping: https://httpbin.org/xml
2025-09-18 22:47:07,447 - database - WARNING - Duplicate URL in batch, skipping: https://httpbin.org/delay/1
2025-09-18 22:47:07,449 - database - WARNING - Duplicate URL in batch, skipping: https://httpbin.org/status/200
2025-09-18 22:47:07,456 - database - WARNING - Duplicate URL in batch, skipping: https://httpbin.org/json
2025-09-18 22:47:07,456 - database - WARNING - Duplicate URL in batch, skipping: https://httpbin.org/html
2025-09-18 22:47:07,478 - database - WARNING - Duplicate URL in batch, skipping: https://httpbin.org/xml
2025-09-18 22:47:07,482 - database - WARNING - Duplicate URL in batch, skipping: https://httpbin.org/delay/1
2025-09-18 22:47:07,537 - database - WARNING - Duplicate URL in batch, skipping: https://httpbin.org/status/200
2025-09-18 22:47:07,621 - database - WARNING - Duplicate URL in batch, skipping: https://httpbin.org/json
2025-09-18 22:47:07,621 - database - WARNING - Duplicate URL in batch, skipping: https://httpbin.org/html
2025-09-18 22:47:07,636 - database - WARNING - Duplicate URL in batch, skipping: https://httpbin.org/xml
2025-09-18 22:47:07,637 - database - WARNING - Duplicate URL in batch, skipping: https://httpbin.org/delay/1
2025-09-18 22:47:07,641 - database - WARNING - Duplicate URL in batch, skipping: https://httpbin.org/status/200
2025-09-18 22:47:07,643 - resilient_runner - INFO - 배치 완료: 50/50 성공
2025-09-18 22:47:07,643 - resilient_runner - INFO - 메모리 정리 시작...
2025-09-18 22:47:07,653 - resilient_runner - INFO - 가비지 컬렉션: 46개 객체 정리
2025-09-18 22:47:07,654 - resilient_runner - INFO - 메모리 사용량: 48.4MB (87.5%)
2025-09-18 22:47:08,674 - resilient_runner - INFO - 배치 크롤링 시작: 201-250/500
2025-09-18 22:47:08,775 - database - WARNING - Duplicate URL in batch, skipping: https://jsonplaceholder.typicode.com/users/1
2025-09-18 22:47:08,776 - database - WARNING - Duplicate URL in batch, skipping: https://jsonplaceholder.typicode.com/albums/1
2025-09-18 22:47:08,781 - database - WARNING - Duplicate URL in batch, skipping: https://jsonplaceholder.typicode.com/posts/1
2025-09-18 22:47:08,793 - database - WARNING - Duplicate URL in batch, skipping: https://jsonplaceholder.typicode.com/users/1
2025-09-18 22:47:08,811 - database - WARNING - Duplicate URL in batch, skipping: https://jsonplaceholder.typicode.com/posts/2
2025-09-18 22:47:08,811 - database - WARNING - Duplicate URL in batch, skipping: https://jsonplaceholder.typicode.com/posts/1
2025-09-18 22:47:08,816 - database - WARNING - Duplicate URL in batch, skipping: https://jsonplaceholder.typicode.com/users/1
2025-09-18 22:47:08,827 - database - WARNING - Duplicate URL in batch, skipping: https://jsonplaceholder.typicode.com/users/2
2025-09-18 22:47:08,844 - database - WARNING - Duplicate URL in batch, skipping: https://jsonplaceholder.typicode.com/albums/1
2025-09-18 22:47:08,844 - database - WARNING - Duplicate URL in batch, skipping: https://jsonplaceholder.typicode.com/posts/1
2025-09-18 22:47:08,854 - database - WARNING - Duplicate URL in batch, skipping: https://jsonplaceholder.typicode.com/posts/2
2025-09-18 22:47:08,859 - database - WARNING - Duplicate URL in batch, skipping: https://jsonplaceholder.typicode.com/users/1
2025-09-18 22:47:08,879 - database - WARNING - Duplicate URL in batch, skipping: https://jsonplaceholder.typicode.com/users/2
2025-09-18 22:47:08,879 - database - WARNING - Duplicate URL in batch, skipping: https://jsonplaceholder.typicode.com/albums/1
2025-09-18 22:47:08,887 - database - WARNING - Duplicate URL in batch, skipping: https://jsonplaceholder.typicode.com/posts/2
2025-09-18 22:47:08,888 - database - WARNING - Duplicate URL in batch, skipping: https://jsonplaceholder.typicode.com/posts/2
2025-09-18 22:47:08,889 - database - WARNING - Duplicate URL in batch, skipping: https://jsonplaceholder.typicode.com/users/2
2025-09-18 22:47:08,894 - database - WARNING - Duplicate URL in batch, skipping: https://jsonplaceholder.typicode.com/posts/1
2025-09-18 22:47:08,896 - database - WARNING - Duplicate URL in batch, skipping: https://jsonplaceholder.typicode.com/posts/2
2025-09-18 22:47:08,914 - database - WARNING - Duplicate URL in batch, skipping: https://jsonplaceholder.typicode.com/users/2
2025-09-18 22:47:08,914 - database - WARNING - Duplicate URL in batch, skipping: https://jsonplaceholder.typicode.com/users/1
2025-09-18 22:47:08,919 - database - WARNING - Duplicate URL in batch, skipping: https://jsonplaceholder.typicode.com/posts/1
2025-09-18 22:47:08,922 - database - WARNING - Duplicate URL in batch, skipping: https://jsonplaceholder.typicode.com/users/2
2025-09-18 22:47:08,928 - database - WARNING - Duplicate URL in batch, skipping: https://jsonplaceholder.typicode.com/albums/1
2025-09-18 22:47:08,955 - database - WARNING - Duplicate URL in batch, skipping: https://jsonplaceholder.typicode.com/albums/1
2025-09-18 22:47:09,441 - database - WARNING - Duplicate URL in batch, skipping: https://httpbin.org/html
2025-09-18 22:47:09,451 - database - WARNING - Duplicate URL in batch, skipping: https://httpbin.org/json
2025-09-18 22:47:09,461 - database - WARNING - Duplicate URL in batch, skipping: https://httpbin.org/json
2025-09-18 22:47:09,464 - database - WARNING - Duplicate URL in batch, skipping: https://httpbin.org/delay/1
2025-09-18 22:47:09,471 - database - WARNING - Duplicate URL in batch, skipping: https://httpbin.org/xml
2025-09-18 22:47:09,477 - database - WARNING - Duplicate URL in batch, skipping: https://httpbin.org/delay/1
2025-09-18 22:47:09,477 - database - WARNING - Duplicate URL in batch, skipping: https://httpbin.org/status/200
2025-09-18 22:47:09,503 - database - WARNING - Duplicate URL in batch, skipping: https://httpbin.org/status/200
2025-09-18 22:47:09,503 - database - WARNING - Duplicate URL in batch, skipping: https://httpbin.org/xml
2025-09-18 22:47:09,553 - database - WARNING - Duplicate URL in batch, skipping: https://httpbin.org/html
2025-09-18 22:47:09,628 - database - WARNING - Duplicate URL in batch, skipping: https://httpbin.org/json
2025-09-18 22:47:09,640 - database - WARNING - Duplicate URL in batch, skipping: https://httpbin.org/html
2025-09-18 22:47:09,653 - database - WARNING - Duplicate URL in batch, skipping: https://httpbin.org/xml
2025-09-18 22:47:09,659 - database - WARNING - Duplicate URL in batch, skipping: https://httpbin.org/delay/1
2025-09-18 22:47:09,668 - database - WARNING - Duplicate URL in batch, skipping: https://httpbin.org/status/200
2025-09-18 22:47:09,674 - database - WARNING - Duplicate URL in batch, skipping: https://httpbin.org/json
2025-09-18 22:47:09,675 - database - WARNING - Duplicate URL in batch, skipping: https://httpbin.org/html
2025-09-18 22:47:09,705 - database - WARNING - Duplicate URL in batch, skipping: https://httpbin.org/xml
2025-09-18 22:47:09,706 - database - WARNING - Duplicate URL in batch, skipping: https://httpbin.org/delay/1
2025-09-18 22:47:09,769 - database - WARNING - Duplicate URL in batch, skipping: https://httpbin.org/status/200
2025-09-18 22:47:09,817 - database - WARNING - Duplicate URL in batch, skipping: https://httpbin.org/json
2025-09-18 22:47:09,829 - database - WARNING - Duplicate URL in batch, skipping: https://httpbin.org/html
2025-09-18 22:47:09,847 - database - WARNING - Duplicate URL in batch, skipping: https://httpbin.org/xml
2025-09-18 22:47:09,854 - database - WARNING - Duplicate URL in batch, skipping: https://httpbin.org/delay/1
2025-09-18 22:47:09,864 - database - WARNING - Duplicate URL in batch, skipping: https://httpbin.org/status/200
2025-09-18 22:47:09,865 - resilient_runner - INFO - 배치 완료: 50/50 성공
2025-09-18 22:47:09,866 - resilient_runner - INFO - 메모리 정리 시작...
2025-09-18 22:47:09,874 - resilient_runner - INFO - 가비지 컬렉션: 46개 객체 정리
2025-09-18 22:47:09,874 - resilient_runner - INFO - 메모리 사용량: 48.4MB (87.6%)
2025-09-18 22:47:10,887 - resilient_runner - INFO - 배치 크롤링 시작: 251-300/500
2025-09-18 22:47:10,983 - database - WARNING - Duplicate URL in batch, skipping: https://jsonplaceholder.typicode.com/albums/1
2025-09-18 22:47:10,986 - database - WARNING - Duplicate URL in batch, skipping: https://jsonplaceholder.typicode.com/users/1
2025-09-18 22:47:10,997 - database - WARNING - Duplicate URL in batch, skipping: https://jsonplaceholder.typicode.com/users/2
2025-09-18 22:47:11,020 - database - WARNING - Duplicate URL in batch, skipping: https://jsonplaceholder.typicode.com/users/2
2025-09-18 22:47:11,023 - database - WARNING - Duplicate URL in batch, skipping: https://jsonplaceholder.typicode.com/posts/1
2025-09-18 22:47:11,025 - database - WARNING - Duplicate URL in batch, skipping: https://jsonplaceholder.typicode.com/posts/2
2025-09-18 22:47:11,033 - database - WARNING - Duplicate URL in batch, skipping: https://jsonplaceholder.typicode.com/users/1
2025-09-18 22:47:11,055 - database - WARNING - Duplicate URL in batch, skipping: https://jsonplaceholder.typicode.com/albums/1
2025-09-18 22:47:11,059 - database - WARNING - Duplicate URL in batch, skipping: https://jsonplaceholder.typicode.com/posts/1
2025-09-18 22:47:11,063 - database - WARNING - Duplicate URL in batch, skipping: https://jsonplaceholder.typicode.com/users/2
2025-09-18 22:47:11,068 - database - WARNING - Duplicate URL in batch, skipping: https://jsonplaceholder.typicode.com/posts/2
2025-09-18 22:47:11,089 - database - WARNING - Duplicate URL in batch, skipping: https://jsonplaceholder.typicode.com/users/1
2025-09-18 22:47:11,091 - database - WARNING - Duplicate URL in batch, skipping: https://jsonplaceholder.typicode.com/albums/1
2025-09-18 22:47:11,092 - database - WARNING - Duplicate URL in batch, skipping: https://jsonplaceholder.typicode.com/posts/1
2025-09-18 22:47:11,093 - database - WARNING - Duplicate URL in batch, skipping: https://jsonplaceholder.typicode.com/posts/2
2025-09-18 22:47:11,096 - database - WARNING - Duplicate URL in batch, skipping: https://jsonplaceholder.typicode.com/users/2
2025-09-18 22:47:11,096 - database - WARNING - Duplicate URL in batch, skipping: https://jsonplaceholder.typicode.com/users/1
2025-09-18 22:47:11,102 - database - WARNING - Duplicate URL in batch, skipping: https://jsonplaceholder.typicode.com/posts/2
2025-09-18 22:47:11,104 - database - WARNING - Duplicate URL in batch, skipping: https://jsonplaceholder.typicode.com/posts/1
2025-09-18 22:47:11,105 - database - WARNING - Duplicate URL in batch, skipping: https://jsonplaceholder.typicode.com/posts/1
2025-09-18 22:47:11,105 - database - WARNING - Duplicate URL in batch, skipping: https://jsonplaceholder.typicode.com/albums/1
2025-09-18 22:47:11,126 - database - WARNING - Duplicate URL in batch, skipping: https://jsonplaceholder.typicode.com/posts/2
2025-09-18 22:47:11,159 - database - WARNING - Duplicate URL in batch, skipping: https://jsonplaceholder.typicode.com/users/1
2025-09-18 22:47:11,160 - database - WARNING - Duplicate URL in batch, skipping: https://jsonplaceholder.typicode.com/albums/1
2025-09-18 22:47:11,160 - database - WARNING - Duplicate URL in batch, skipping: https://jsonplaceholder.typicode.com/users/2
2025-09-18 22:47:11,638 - database - WARNING - Duplicate URL in batch, skipping: https://httpbin.org/html
2025-09-18 22:47:11,660 - database - WARNING - Duplicate URL in batch, skipping: https://httpbin.org/html
2025-09-18 22:47:11,664 - database - WARNING - Duplicate URL in batch, skipping: https://httpbin.org/json
2025-09-18 22:47:11,664 - database - WARNING - Duplicate URL in batch, skipping: https://httpbin.org/json
2025-09-18 22:47:11,672 - database - WARNING - Duplicate URL in batch, skipping: https://httpbin.org/delay/1
2025-09-18 22:47:11,672 - database - WARNING - Duplicate URL in batch, skipping: https://httpbin.org/status/200
2025-09-18 22:47:11,688 - database - WARNING - Duplicate URL in batch, skipping: https://httpbin.org/status/200
2025-09-18 22:47:11,698 - database - WARNING - Duplicate URL in batch, skipping: https://httpbin.org/delay/1
2025-09-18 22:47:11,707 - database - WARNING - Duplicate URL in batch, skipping: https://httpbin.org/xml
2025-09-18 22:47:11,731 - database - WARNING - Duplicate URL in batch, skipping: https://httpbin.org/xml
2025-09-18 22:47:11,824 - database - WARNING - Duplicate URL in batch, skipping: https://httpbin.org/json
2025-09-18 22:47:11,849 - database - WARNING - Duplicate URL in batch, skipping: https://httpbin.org/html
2025-09-18 22:47:11,856 - database - WARNING - Duplicate URL in batch, skipping: https://httpbin.org/xml
2025-09-18 22:47:11,857 - database - WARNING - Duplicate URL in batch, skipping: https://httpbin.org/delay/1
2025-09-18 22:47:11,867 - database - WARNING - Duplicate URL in batch, skipping: https://httpbin.org/status/200
2025-09-18 22:47:11,867 - database - WARNING - Duplicate URL in batch, skipping: https://httpbin.org/json
2025-09-18 22:47:11,887 - database - WARNING - Duplicate URL in batch, skipping: https://httpbin.org/html
2025-09-18 22:47:11,899 - database - WARNING - Duplicate URL in batch, skipping: https://httpbin.org/xml
2025-09-18 22:47:11,911 - database - WARNING - Duplicate URL in batch, skipping: https://httpbin.org/delay/1
2025-09-18 22:47:11,939 - database - WARNING - Duplicate URL in batch, skipping: https://httpbin.org/status/200
2025-09-18 22:47:12,009 - database - WARNING - Duplicate URL in batch, skipping: https://httpbin.org/json
2025-09-18 22:47:12,041 - database - WARNING - Duplicate URL in batch, skipping: https://httpbin.org/html
2025-09-18 22:47:12,047 - database - WARNING - Duplicate URL in batch, skipping: https://httpbin.org/xml
2025-09-18 22:47:12,048 - database - WARNING - Duplicate URL in batch, skipping: https://httpbin.org/delay/1
2025-09-18 22:47:12,061 - database - WARNING - Duplicate URL in batch, skipping: https://httpbin.org/status/200
2025-09-18 22:47:12,063 - resilient_runner - INFO - 배치 완료: 50/50 성공
2025-09-18 22:47:12,063 - resilient_runner - INFO - 메모리 정리 시작...
2025-09-18 22:47:12,069 - resilient_runner - INFO - 가비지 컬렉션: 46개 객체 정리
2025-09-18 22:47:12,069 - resilient_runner - INFO - 메모리 사용량: 48.5MB (87.5%)
2025-09-18 22:47:13,091 - resilient_runner - INFO - 배치 크롤링 시작: 301-350/500
2025-09-18 22:47:13,191 - database - WARNING - Duplicate URL in batch, skipping: https://jsonplaceholder.typicode.com/posts/1
2025-09-18 22:47:13,193 - database - WARNING - Duplicate URL in batch, skipping: https://jsonplaceholder.typicode.com/posts/2
2025-09-18 22:47:13,193 - database - WARNING - Duplicate URL in batch, skipping: https://jsonplaceholder.typicode.com/albums/1
2025-09-18 22:47:13,193 - database - WARNING - Duplicate URL in batch, skipping: https://jsonplaceholder.typicode.com/users/2
2025-09-18 22:47:13,194 - database - WARNING - Duplicate URL in batch, skipping: https://jsonplaceholder.typicode.com/users/1
2025-09-18 22:47:13,198 - database - WARNING - Duplicate URL in batch, skipping: https://jsonplaceholder.typicode.com/users/2
2025-09-18 22:47:13,228 - database - WARNING - Duplicate URL in batch, skipping: https://jsonplaceholder.typicode.com/posts/1
2025-09-18 22:47:13,230 - database - WARNING - Duplicate URL in batch, skipping: https://jsonplaceholder.typicode.com/users/2
2025-09-18 22:47:13,230 - database - WARNING - Duplicate URL in batch, skipping: https://jsonplaceholder.typicode.com/albums/1
2025-09-18 22:47:13,231 - database - WARNING - Duplicate URL in batch, skipping: https://jsonplaceholder.typicode.com/users/1
2025-09-18 22:47:13,231 - database - WARNING - Duplicate URL in batch, skipping: https://jsonplaceholder.typicode.com/posts/2
2025-09-18 22:47:13,232 - database - WARNING - Duplicate URL in batch, skipping: https://jsonplaceholder.typicode.com/posts/1
2025-09-18 22:47:13,263 - database - WARNING - Duplicate URL in batch, skipping: https://jsonplaceholder.typicode.com/posts/2
2025-09-18 22:47:13,263 - database - WARNING - Duplicate URL in batch, skipping: https://jsonplaceholder.typicode.com/posts/2
2025-09-18 22:47:13,264 - database - WARNING - Duplicate URL in batch, skipping: https://jsonplaceholder.typicode.com/users/1
2025-09-18 22:47:13,264 - database - WARNING - Duplicate URL in batch, skipping: https://jsonplaceholder.typicode.com/albums/1
2025-09-18 22:47:13,264 - database - WARNING - Duplicate URL in batch, skipping: https://jsonplaceholder.typicode.com/users/2
2025-09-18 22:47:13,265 - database - WARNING - Duplicate URL in batch, skipping: https://jsonplaceholder.typicode.com/posts/1
2025-09-18 22:47:13,295 - database - WARNING - Duplicate URL in batch, skipping: https://jsonplaceholder.typicode.com/users/2
2025-09-18 22:47:13,296 - database - WARNING - Duplicate URL in batch, skipping: https://jsonplaceholder.typicode.com/users/1
2025-09-18 22:47:13,300 - database - WARNING - Duplicate URL in batch, skipping: https://jsonplaceholder.typicode.com/albums/1
2025-09-18 22:47:13,300 - database - WARNING - Duplicate URL in batch, skipping: https://jsonplaceholder.typicode.com/posts/2
2025-09-18 22:47:13,311 - database - WARNING - Duplicate URL in batch, skipping: https://jsonplaceholder.typicode.com/albums/1
2025-09-18 22:47:13,326 - database - WARNING - Duplicate URL in batch, skipping: https://jsonplaceholder.typicode.com/users/1
2025-09-18 22:47:13,331 - database - WARNING - Duplicate URL in batch, skipping: https://jsonplaceholder.typicode.com/posts/1
2025-09-18 22:47:13,858 - database - WARNING - Duplicate URL in batch, skipping: https://httpbin.org/html
2025-09-18 22:47:13,860 - database - WARNING - Duplicate URL in batch, skipping: https://httpbin.org/html
2025-09-18 22:47:13,862 - database - WARNING - Duplicate URL in batch, skipping: https://httpbin.org/delay/1
2025-09-18 22:47:13,864 - database - WARNING - Duplicate URL in batch, skipping: https://httpbin.org/xml
2025-09-18 22:47:13,867 - database - WARNING - Duplicate URL in batch, skipping: https://httpbin.org/xml
2025-09-18 22:47:13,869 - database - WARNING - Duplicate URL in batch, skipping: https://httpbin.org/json
2025-09-18 22:47:13,869 - database - WARNING - Duplicate URL in batch, skipping: https://httpbin.org/json
2025-09-18 22:47:13,879 - database - WARNING - Duplicate URL in batch, skipping: https://httpbin.org/status/200
2025-09-18 22:47:13,915 - database - WARNING - Duplicate URL in batch, skipping: https://httpbin.org/delay/1
2025-09-18 22:47:13,941 - database - WARNING - Duplicate URL in batch, skipping: https://httpbin.org/status/200
2025-09-18 22:47:14,046 - database - WARNING - Duplicate URL in batch, skipping: https://httpbin.org/json
2025-09-18 22:47:14,048 - database - WARNING - Duplicate URL in batch, skipping: https://httpbin.org/html
2025-09-18 22:47:14,051 - database - WARNING - Duplicate URL in batch, skipping: https://httpbin.org/xml
2025-09-18 22:47:14,054 - database - WARNING - Duplicate URL in batch, skipping: https://httpbin.org/delay/1
2025-09-18 22:47:14,058 - database - WARNING - Duplicate URL in batch, skipping: https://httpbin.org/status/200
2025-09-18 22:47:14,059 - database - WARNING - Duplicate URL in batch, skipping: https://httpbin.org/json
2025-09-18 22:47:14,061 - database - WARNING - Duplicate URL in batch, skipping: https://httpbin.org/html
2025-09-18 22:47:14,073 - database - WARNING - Duplicate URL in batch, skipping: https://httpbin.org/xml
2025-09-18 22:47:14,119 - database - WARNING - Duplicate URL in batch, skipping: https://httpbin.org/delay/1
2025-09-18 22:47:14,151 - database - WARNING - Duplicate URL in batch, skipping: https://httpbin.org/status/200
2025-09-18 22:47:14,234 - database - WARNING - Duplicate URL in batch, skipping: https://httpbin.org/json
2025-09-18 22:47:14,235 - database - WARNING - Duplicate URL in batch, skipping: https://httpbin.org/html
2025-09-18 22:47:14,240 - database - WARNING - Duplicate URL in batch, skipping: https://httpbin.org/xml
2025-09-18 22:47:14,244 - database - WARNING - Duplicate URL in batch, skipping: https://httpbin.org/delay/1
2025-09-18 22:47:14,250 - database - WARNING - Duplicate URL in batch, skipping: https://httpbin.org/status/200
2025-09-18 22:47:14,251 - resilient_runner - INFO - 배치 완료: 50/50 성공
2025-09-18 22:47:14,251 - resilient_runner - INFO - 메모리 정리 시작...
2025-09-18 22:47:14,260 - resilient_runner - INFO - 가비지 컬렉션: 46개 객체 정리
2025-09-18 22:47:14,260 - resilient_runner - INFO - 메모리 사용량: 48.5MB (87.5%)
2025-09-18 22:47:15,276 - resilient_runner - INFO - 배치 크롤링 시작: 351-400/500
2025-09-18 22:47:15,369 - database - WARNING - Duplicate URL in batch, skipping: https://jsonplaceholder.typicode.com/users/2
2025-09-18 22:47:15,370 - database - WARNING - Duplicate URL in batch, skipping: https://jsonplaceholder.typicode.com/users/1
2025-09-18 22:47:15,378 - database - WARNING - Duplicate URL in batch, skipping: https://jsonplaceholder.typicode.com/posts/1
2025-09-18 22:47:15,397 - database - WARNING - Duplicate URL in batch, skipping: https://jsonplaceholder.typicode.com/posts/1
2025-09-18 22:47:15,403 - database - WARNING - Duplicate URL in batch, skipping: https://jsonplaceholder.typicode.com/posts/2
2025-09-18 22:47:15,403 - database - WARNING - Duplicate URL in batch, skipping: https://jsonplaceholder.typicode.com/posts/1
2025-09-18 22:47:15,405 - database - WARNING - Duplicate URL in batch, skipping: https://jsonplaceholder.typicode.com/posts/2
2025-09-18 22:47:15,428 - database - WARNING - Duplicate URL in batch, skipping: https://jsonplaceholder.typicode.com/users/1
2025-09-18 22:47:15,437 - database - WARNING - Duplicate URL in batch, skipping: https://jsonplaceholder.typicode.com/posts/1
2025-09-18 22:47:15,438 - database - WARNING - Duplicate URL in batch, skipping: https://jsonplaceholder.typicode.com/posts/2
2025-09-18 22:47:15,441 - database - WARNING - Duplicate URL in batch, skipping: https://jsonplaceholder.typicode.com/users/2
2025-09-18 22:47:15,443 - database - WARNING - Duplicate URL in batch, skipping: https://jsonplaceholder.typicode.com/albums/1
2025-09-18 22:47:15,467 - database - WARNING - Duplicate URL in batch, skipping: https://jsonplaceholder.typicode.com/users/1
2025-09-18 22:47:15,468 - database - WARNING - Duplicate URL in batch, skipping: https://jsonplaceholder.typicode.com/users/2
2025-09-18 22:47:15,472 - database - WARNING - Duplicate URL in batch, skipping: https://jsonplaceholder.typicode.com/albums/1
2025-09-18 22:47:15,483 - database - WARNING - Duplicate URL in batch, skipping: https://jsonplaceholder.typicode.com/posts/2
2025-09-18 22:47:15,484 - database - WARNING - Duplicate URL in batch, skipping: https://jsonplaceholder.typicode.com/posts/1
2025-09-18 22:47:15,488 - database - WARNING - Duplicate URL in batch, skipping: https://jsonplaceholder.typicode.com/albums/1
2025-09-18 22:47:15,500 - database - WARNING - Duplicate URL in batch, skipping: https://jsonplaceholder.typicode.com/users/2
2025-09-18 22:47:15,503 - database - WARNING - Duplicate URL in batch, skipping: https://jsonplaceholder.typicode.com/users/1
2025-09-18 22:47:15,505 - database - WARNING - Duplicate URL in batch, skipping: https://jsonplaceholder.typicode.com/albums/1
2025-09-18 22:47:15,505 - database - WARNING - Duplicate URL in batch, skipping: https://jsonplaceholder.typicode.com/albums/1
2025-09-18 22:47:15,515 - database - WARNING - Duplicate URL in batch, skipping: https://jsonplaceholder.typicode.com/users/2
2025-09-18 22:47:15,517 - database - WARNING - Duplicate URL in batch, skipping: https://jsonplaceholder.typicode.com/posts/2
2025-09-18 22:47:15,521 - database - WARNING - Duplicate URL in batch, skipping: https://jsonplaceholder.typicode.com/users/1
2025-09-18 22:47:16,038 - database - WARNING - Duplicate URL in batch, skipping: https://httpbin.org/html
2025-09-18 22:47:16,042 - database - WARNING - Duplicate URL in batch, skipping: https://httpbin.org/json
2025-09-18 22:47:16,044 - database - WARNING - Duplicate URL in batch, skipping: https://httpbin.org/status/200
2025-09-18 22:47:16,049 - database - WARNING - Duplicate URL in batch, skipping: https://httpbin.org/xml
2025-09-18 22:47:16,065 - database - WARNING - Duplicate URL in batch, skipping: https://httpbin.org/html
2025-09-18 22:47:16,077 - database - WARNING - Duplicate URL in batch, skipping: https://httpbin.org/delay/1
2025-09-18 22:47:16,093 - database - WARNING - Duplicate URL in batch, skipping: https://httpbin.org/status/200
2025-09-18 22:47:16,103 - database - WARNING - Duplicate URL in batch, skipping: https://httpbin.org/json
2025-09-18 22:47:16,104 - database - WARNING - Duplicate URL in batch, skipping: https://httpbin.org/delay/1
2025-09-18 22:47:16,118 - database - WARNING - Duplicate URL in batch, skipping: https://httpbin.org/xml
2025-09-18 22:47:16,226 - database - WARNING - Duplicate URL in batch, skipping: https://httpbin.org/json
2025-09-18 22:47:16,233 - database - WARNING - Duplicate URL in batch, skipping: https://httpbin.org/xml
2025-09-18 22:47:16,234 - database - WARNING - Duplicate URL in batch, skipping: https://httpbin.org/html
2025-09-18 22:47:16,241 - database - WARNING - Duplicate URL in batch, skipping: https://httpbin.org/delay/1
2025-09-18 22:47:16,262 - database - WARNING - Duplicate URL in batch, skipping: https://httpbin.org/status/200
2025-09-18 22:47:16,274 - database - WARNING - Duplicate URL in batch, skipping: https://httpbin.org/json
2025-09-18 22:47:16,295 - database - WARNING - Duplicate URL in batch, skipping: https://httpbin.org/html
2025-09-18 22:47:16,308 - database - WARNING - Duplicate URL in batch, skipping: https://httpbin.org/delay/1
2025-09-18 22:47:16,310 - database - WARNING - Duplicate URL in batch, skipping: https://httpbin.org/xml
2025-09-18 22:47:16,327 - database - WARNING - Duplicate URL in batch, skipping: https://httpbin.org/status/200
2025-09-18 22:47:16,416 - database - WARNING - Duplicate URL in batch, skipping: https://httpbin.org/json
2025-09-18 22:47:16,424 - database - WARNING - Duplicate URL in batch, skipping: https://httpbin.org/xml
2025-09-18 22:47:16,426 - database - WARNING - Duplicate URL in batch, skipping: https://httpbin.org/html
2025-09-18 22:47:16,433 - database - WARNING - Duplicate URL in batch, skipping: https://httpbin.org/delay/1
2025-09-18 22:47:16,460 - database - WARNING - Duplicate URL in batch, skipping: https://httpbin.org/status/200
2025-09-18 22:47:16,461 - resilient_runner - INFO - 배치 완료: 50/50 성공
2025-09-18 22:47:16,462 - resilient_runner - INFO - 메모리 정리 시작...
2025-09-18 22:47:16,469 - resilient_runner - INFO - 가비지 컬렉션: 46개 객체 정리
2025-09-18 22:47:16,469 - resilient_runner - INFO - 메모리 사용량: 48.5MB (87.5%)
2025-09-18 22:47:17,482 - resilient_runner - INFO - 배치 크롤링 시작: 401-450/500
2025-09-18 22:47:17,584 - database - WARNING - Duplicate URL in batch, skipping: https://jsonplaceholder.typicode.com/posts/1
2025-09-18 22:47:17,586 - database - WARNING - Duplicate URL in batch, skipping: https://jsonplaceholder.typicode.com/posts/2
2025-09-18 22:47:17,600 - database - WARNING - Duplicate URL in batch, skipping: https://jsonplaceholder.typicode.com/users/1
2025-09-18 22:47:17,600 - database - WARNING - Duplicate URL in batch, skipping: https://jsonplaceholder.typicode.com/albums/1
2025-09-18 22:47:17,611 - database - WARNING - Duplicate URL in batch, skipping: https://jsonplaceholder.typicode.com/posts/2
2025-09-18 22:47:17,617 - database - WARNING - Duplicate URL in batch, skipping: https://jsonplaceholder.typicode.com/posts/1
2025-09-18 22:47:17,618 - database - WARNING - Duplicate URL in batch, skipping: https://jsonplaceholder.typicode.com/posts/2
2025-09-18 22:47:17,641 - database - WARNING - Duplicate URL in batch, skipping: https://jsonplaceholder.typicode.com/users/1
2025-09-18 22:47:17,653 - database - WARNING - Duplicate URL in batch, skipping: https://jsonplaceholder.typicode.com/albums/1
2025-09-18 22:47:17,653 - database - WARNING - Duplicate URL in batch, skipping: https://jsonplaceholder.typicode.com/posts/1
2025-09-18 22:47:17,653 - database - WARNING - Duplicate URL in batch, skipping: https://jsonplaceholder.typicode.com/posts/2
2025-09-18 22:47:17,654 - database - WARNING - Duplicate URL in batch, skipping: https://jsonplaceholder.typicode.com/users/2
2025-09-18 22:47:17,680 - database - WARNING - Duplicate URL in batch, skipping: https://jsonplaceholder.typicode.com/users/1
2025-09-18 22:47:17,686 - database - WARNING - Duplicate URL in batch, skipping: https://jsonplaceholder.typicode.com/users/1
2025-09-18 22:47:17,687 - database - WARNING - Duplicate URL in batch, skipping: https://jsonplaceholder.typicode.com/posts/2
2025-09-18 22:47:17,691 - database - WARNING - Duplicate URL in batch, skipping: https://jsonplaceholder.typicode.com/posts/1
2025-09-18 22:47:17,694 - database - WARNING - Duplicate URL in batch, skipping: https://jsonplaceholder.typicode.com/albums/1
2025-09-18 22:47:17,694 - database - WARNING - Duplicate URL in batch, skipping: https://jsonplaceholder.typicode.com/users/2
2025-09-18 22:47:17,708 - database - WARNING - Duplicate URL in batch, skipping: https://jsonplaceholder.typicode.com/users/2
2025-09-18 22:47:17,715 - database - WARNING - Duplicate URL in batch, skipping: https://jsonplaceholder.typicode.com/albums/1
2025-09-18 22:47:17,721 - database - WARNING - Duplicate URL in batch, skipping: https://jsonplaceholder.typicode.com/users/1
2025-09-18 22:47:17,721 - database - WARNING - Duplicate URL in batch, skipping: https://jsonplaceholder.typicode.com/albums/1
2025-09-18 22:47:17,724 - database - WARNING - Duplicate URL in batch, skipping: https://jsonplaceholder.typicode.com/users/2
2025-09-18 22:47:17,724 - database - WARNING - Duplicate URL in batch, skipping: https://jsonplaceholder.typicode.com/posts/1
2025-09-18 22:47:17,758 - database - WARNING - Duplicate URL in batch, skipping: https://jsonplaceholder.typicode.com/users/2
2025-09-18 22:47:18,242 - database - WARNING - Duplicate URL in batch, skipping: https://httpbin.org/delay/1
2025-09-18 22:47:18,243 - database - WARNING - Duplicate URL in batch, skipping: https://httpbin.org/html
2025-09-18 22:47:18,244 - database - WARNING - Duplicate URL in batch, skipping: https://httpbin.org/json
2025-09-18 22:47:18,249 - database - WARNING - Duplicate URL in batch, skipping: https://httpbin.org/xml
2025-09-18 22:47:18,250 - database - WARNING - Duplicate URL in batch, skipping: https://httpbin.org/html
2025-09-18 22:47:18,252 - database - WARNING - Duplicate URL in batch, skipping: https://httpbin.org/xml
2025-09-18 22:47:18,258 - database - WARNING - Duplicate URL in batch, skipping: https://httpbin.org/status/200
2025-09-18 22:47:18,271 - database - WARNING - Duplicate URL in batch, skipping: https://httpbin.org/status/200
2025-09-18 22:47:18,275 - database - WARNING - Duplicate URL in batch, skipping: https://httpbin.org/json
2025-09-18 22:47:18,295 - database - WARNING - Duplicate URL in batch, skipping: https://httpbin.org/delay/1
2025-09-18 22:47:18,430 - database - WARNING - Duplicate URL in batch, skipping: https://httpbin.org/json
2025-09-18 22:47:18,431 - database - WARNING - Duplicate URL in batch, skipping: https://httpbin.org/xml
2025-09-18 22:47:18,432 - database - WARNING - Duplicate URL in batch, skipping: https://httpbin.org/html
2025-09-18 22:47:18,440 - database - WARNING - Duplicate URL in batch, skipping: https://httpbin.org/delay/1
2025-09-18 22:47:18,442 - database - WARNING - Duplicate URL in batch, skipping: https://httpbin.org/status/200
2025-09-18 22:47:18,445 - database - WARNING - Duplicate URL in batch, skipping: https://httpbin.org/json
2025-09-18 22:47:18,449 - database - WARNING - Duplicate URL in batch, skipping: https://httpbin.org/html
2025-09-18 22:47:18,467 - database - WARNING - Duplicate URL in batch, skipping: https://httpbin.org/xml
2025-09-18 22:47:18,471 - database - WARNING - Duplicate URL in batch, skipping: https://httpbin.org/delay/1
2025-09-18 22:47:18,497 - database - WARNING - Duplicate URL in batch, skipping: https://httpbin.org/status/200
2025-09-18 22:47:18,617 - database - WARNING - Duplicate URL in batch, skipping: https://httpbin.org/json
2025-09-18 22:47:18,619 - database - WARNING - Duplicate URL in batch, skipping: https://httpbin.org/html
2025-09-18 22:47:18,621 - database - WARNING - Duplicate URL in batch, skipping: https://httpbin.org/xml
2025-09-18 22:47:18,631 - database - WARNING - Duplicate URL in batch, skipping: https://httpbin.org/delay/1
2025-09-18 22:47:18,633 - database - WARNING - Duplicate URL in batch, skipping: https://httpbin.org/status/200
2025-09-18 22:47:18,635 - resilient_runner - INFO - 배치 완료: 50/50 성공
2025-09-18 22:47:18,636 - resilient_runner - INFO - 메모리 정리 시작...
2025-09-18 22:47:18,643 - resilient_runner - INFO - 가비지 컬렉션: 46개 객체 정리
2025-09-18 22:47:18,645 - resilient_runner - INFO - 메모리 사용량: 48.6MB (87.5%)
2025-09-18 22:47:19,656 - resilient_runner - INFO - 배치 크롤링 시작: 451-500/500
2025-09-18 22:47:19,747 - database - WARNING - Duplicate URL in batch, skipping: https://jsonplaceholder.typicode.com/posts/2
2025-09-18 22:47:19,749 - database - WARNING - Duplicate URL in batch, skipping: https://jsonplaceholder.typicode.com/posts/1
2025-09-18 22:47:19,750 - database - WARNING - Duplicate URL in batch, skipping: https://jsonplaceholder.typicode.com/users/2
2025-09-18 22:47:19,753 - database - WARNING - Duplicate URL in batch, skipping: https://jsonplaceholder.typicode.com/users/1
2025-09-18 22:47:19,768 - database - WARNING - Duplicate URL in batch, skipping: https://jsonplaceholder.typicode.com/posts/1
2025-09-18 22:47:19,774 - database - WARNING - Duplicate URL in batch, skipping: https://jsonplaceholder.typicode.com/posts/2
2025-09-18 22:47:19,777 - database - WARNING - Duplicate URL in batch, skipping: https://jsonplaceholder.typicode.com/albums/1
2025-09-18 22:47:19,783 - database - WARNING - Duplicate URL in batch, skipping: https://jsonplaceholder.typicode.com/users/1
2025-09-18 22:47:19,785 - database - WARNING - Duplicate URL in batch, skipping: https://jsonplaceholder.typicode.com/posts/1
2025-09-18 22:47:19,785 - database - WARNING - Duplicate URL in batch, skipping: https://jsonplaceholder.typicode.com/users/2
2025-09-18 22:47:19,790 - database - WARNING - Duplicate URL in batch, skipping: https://jsonplaceholder.typicode.com/posts/2
2025-09-18 22:47:19,808 - database - WARNING - Duplicate URL in batch, skipping: https://jsonplaceholder.typicode.com/albums/1
2025-09-18 22:47:19,814 - database - WARNING - Duplicate URL in batch, skipping: https://jsonplaceholder.typicode.com/posts/1
2025-09-18 22:47:19,815 - database - WARNING - Duplicate URL in batch, skipping: https://jsonplaceholder.typicode.com/users/1
2025-09-18 22:47:19,822 - database - WARNING - Duplicate URL in batch, skipping: https://jsonplaceholder.typicode.com/posts/1
2025-09-18 22:47:19,825 - database - WARNING - Duplicate URL in batch, skipping: https://jsonplaceholder.typicode.com/users/2
2025-09-18 22:47:19,826 - database - WARNING - Duplicate URL in batch, skipping: https://jsonplaceholder.typicode.com/posts/2
2025-09-18 22:47:19,826 - database - WARNING - Duplicate URL in batch, skipping: https://jsonplaceholder.typicode.com/albums/1
2025-09-18 22:47:19,850 - database - WARNING - Duplicate URL in batch, skipping: https://jsonplaceholder.typicode.com/users/2
2025-09-18 22:47:19,850 - database - WARNING - Duplicate URL in batch, skipping: https://jsonplaceholder.typicode.com/posts/2
2025-09-18 22:47:19,857 - database - WARNING - Duplicate URL in batch, skipping: https://jsonplaceholder.typicode.com/albums/1
2025-09-18 22:47:19,860 - database - WARNING - Duplicate URL in batch, skipping: https://jsonplaceholder.typicode.com/users/1
2025-09-18 22:47:19,868 - database - WARNING - Duplicate URL in batch, skipping: https://jsonplaceholder.typicode.com/albums/1
2025-09-18 22:47:19,871 - database - WARNING - Duplicate URL in batch, skipping: https://jsonplaceholder.typicode.com/users/1
2025-09-18 22:47:19,882 - database - WARNING - Duplicate URL in batch, skipping: https://jsonplaceholder.typicode.com/users/2
2025-09-18 22:47:20,412 - database - WARNING - Duplicate URL in batch, skipping: https://httpbin.org/json
2025-09-18 22:47:20,431 - database - WARNING - Duplicate URL in batch, skipping: https://httpbin.org/html
2025-09-18 22:47:20,440 - database - WARNING - Duplicate URL in batch, skipping: https://httpbin.org/html
2025-09-18 22:47:20,441 - database - WARNING - Duplicate URL in batch, skipping: https://httpbin.org/xml
2025-09-18 22:47:20,441 - database - WARNING - Duplicate URL in batch, skipping: https://httpbin.org/xml
2025-09-18 22:47:20,445 - database - WARNING - Duplicate URL in batch, skipping: https://httpbin.org/delay/1
2025-09-18 22:47:20,456 - database - WARNING - Duplicate URL in batch, skipping: https://httpbin.org/delay/1
2025-09-18 22:47:20,459 - database - WARNING - Duplicate URL in batch, skipping: https://httpbin.org/json
2025-09-18 22:47:20,470 - database - WARNING - Duplicate URL in batch, skipping: https://httpbin.org/status/200
2025-09-18 22:47:20,471 - database - WARNING - Duplicate URL in batch, skipping: https://httpbin.org/status/200
2025-09-18 22:47:20,600 - database - WARNING - Duplicate URL in batch, skipping: https://httpbin.org/json
2025-09-18 22:47:20,622 - database - WARNING - Duplicate URL in batch, skipping: https://httpbin.org/html
2025-09-18 22:47:20,634 - database - WARNING - Duplicate URL in batch, skipping: https://httpbin.org/xml
2025-09-18 22:47:20,634 - database - WARNING - Duplicate URL in batch, skipping: https://httpbin.org/delay/1
2025-09-18 22:47:20,634 - database - WARNING - Duplicate URL in batch, skipping: https://httpbin.org/status/200
2025-09-18 22:47:20,639 - database - WARNING - Duplicate URL in batch, skipping: https://httpbin.org/json
2025-09-18 22:47:20,655 - database - WARNING - Duplicate URL in batch, skipping: https://httpbin.org/html
2025-09-18 22:47:20,658 - database - WARNING - Duplicate URL in batch, skipping: https://httpbin.org/xml
2025-09-18 22:47:20,673 - database - WARNING - Duplicate URL in batch, skipping: https://httpbin.org/delay/1
2025-09-18 22:47:20,673 - database - WARNING - Duplicate URL in batch, skipping: https://httpbin.org/status/200
2025-09-18 22:47:20,788 - database - WARNING - Duplicate URL in batch, skipping: https://httpbin.org/json
2025-09-18 22:47:20,813 - database - WARNING - Duplicate URL in batch, skipping: https://httpbin.org/html
2025-09-18 22:47:20,825 - database - WARNING - Duplicate URL in batch, skipping: https://httpbin.org/xml
2025-09-18 22:47:20,827 - database - WARNING - Duplicate URL in batch, skipping: https://httpbin.org/delay/1
2025-09-18 22:47:20,828 - database - WARNING - Duplicate URL in batch, skipping: https://httpbin.org/status/200
2025-09-18 22:47:20,829 - resilient_runner - INFO - 배치 완료: 50/50 성공
2025-09-18 22:47:20,830 - resilient_runner - INFO - 메모리 정리 시작...
2025-09-18 22:47:20,840 - resilient_runner - INFO - 가비지 컬렉션: 46개 객체 정리
2025-09-18 22:47:20,840 - resilient_runner - INFO - 메모리 사용량: 48.5MB (87.5%)
2025-09-18 22:47:27,545 - resilient_runner - WARNING - Tranco URL 로드 실패: Failed to download Tranco list: 404, 테스트 URL 사용
2025-09-18 22:47:27,545 - resilient_runner - INFO - 배치 크롤링 시작: 1-50/500
2025-09-18 22:47:27,640 - database - WARNING - Duplicate URL in batch, skipping: https://jsonplaceholder.typicode.com/posts/1
2025-09-18 22:47:27,643 - database - WARNING - Duplicate URL in batch, skipping: https://jsonplaceholder.typicode.com/users/1
2025-09-18 22:47:27,648 - database - WARNING - Duplicate URL in batch, skipping: https://jsonplaceholder.typicode.com/albums/1
2025-09-18 22:47:27,661 - database - WARNING - Duplicate URL in batch, skipping: https://jsonplaceholder.typicode.com/albums/1
2025-09-18 22:47:27,675 - database - WARNING - Duplicate URL in batch, skipping: https://jsonplaceholder.typicode.com/posts/1
2025-09-18 22:47:27,682 - database - WARNING - Duplicate URL in batch, skipping: https://jsonplaceholder.typicode.com/posts/2
2025-09-18 22:47:27,683 - database - WARNING - Duplicate URL in batch, skipping: https://jsonplaceholder.typicode.com/posts/2
2025-09-18 22:47:27,686 - database - WARNING - Duplicate URL in batch, skipping: https://jsonplaceholder.typicode.com/users/1
2025-09-18 22:47:27,702 - database - WARNING - Duplicate URL in batch, skipping: https://jsonplaceholder.typicode.com/users/2
2025-09-18 22:47:27,711 - database - WARNING - Duplicate URL in batch, skipping: https://jsonplaceholder.typicode.com/albums/1
2025-09-18 22:47:27,718 - database - WARNING - Duplicate URL in batch, skipping: https://jsonplaceholder.typicode.com/posts/1
2025-09-18 22:47:27,725 - database - WARNING - Duplicate URL in batch, skipping: https://jsonplaceholder.typicode.com/users/1
2025-09-18 22:47:27,735 - database - WARNING - Duplicate URL in batch, skipping: https://jsonplaceholder.typicode.com/posts/2
2025-09-18 22:47:27,742 - database - WARNING - Duplicate URL in batch, skipping: https://jsonplaceholder.typicode.com/albums/1
2025-09-18 22:47:27,743 - database - WARNING - Duplicate URL in batch, skipping: https://jsonplaceholder.typicode.com/users/2
2025-09-18 22:47:27,748 - database - WARNING - Duplicate URL in batch, skipping: https://jsonplaceholder.typicode.com/users/1
2025-09-18 22:47:27,753 - database - WARNING - Duplicate URL in batch, skipping: https://jsonplaceholder.typicode.com/posts/1
2025-09-18 22:47:27,754 - database - WARNING - Duplicate URL in batch, skipping: https://jsonplaceholder.typicode.com/users/2
2025-09-18 22:47:27,754 - database - WARNING - Duplicate URL in batch, skipping: https://jsonplaceholder.typicode.com/users/2
2025-09-18 22:47:27,755 - database - WARNING - Duplicate URL in batch, skipping: https://jsonplaceholder.typicode.com/posts/1
2025-09-18 22:47:27,762 - database - WARNING - Duplicate URL in batch, skipping: https://jsonplaceholder.typicode.com/posts/2
2025-09-18 22:47:27,774 - database - WARNING - Duplicate URL in batch, skipping: https://jsonplaceholder.typicode.com/users/2
2025-09-18 22:47:27,777 - database - WARNING - Duplicate URL in batch, skipping: https://jsonplaceholder.typicode.com/posts/2
2025-09-18 22:47:27,777 - database - WARNING - Duplicate URL in batch, skipping: https://jsonplaceholder.typicode.com/users/1
2025-09-18 22:47:27,783 - database - WARNING - Duplicate URL in batch, skipping: https://jsonplaceholder.typicode.com/albums/1
2025-09-18 22:47:28,864 - database - WARNING - Duplicate URL in batch, skipping: https://httpbin.org/html
2025-09-18 22:47:28,907 - database - WARNING - Duplicate URL in batch, skipping: https://httpbin.org/status/200
2025-09-18 22:47:29,526 - database - WARNING - Duplicate URL in batch, skipping: https://httpbin.org/json
2025-09-18 22:47:29,537 - database - WARNING - Duplicate URL in batch, skipping: https://httpbin.org/xml
2025-09-18 22:47:29,739 - database - WARNING - Duplicate URL in batch, skipping: https://httpbin.org/xml
2025-09-18 22:47:30,027 - database - WARNING - Duplicate URL in batch, skipping: https://httpbin.org/status/200
2025-09-18 22:47:30,086 - database - WARNING - Duplicate URL in batch, skipping: https://httpbin.org/xml
2025-09-18 22:47:30,275 - database - WARNING - Duplicate URL in batch, skipping: https://httpbin.org/html
2025-09-18 22:47:30,450 - database - WARNING - Duplicate URL in batch, skipping: https://httpbin.org/delay/1
2025-09-18 22:47:31,028 - database - WARNING - Duplicate URL in batch, skipping: https://httpbin.org/xml
2025-09-18 22:47:31,114 - database - WARNING - Duplicate URL in batch, skipping: https://httpbin.org/html
2025-09-18 22:47:32,173 - database - WARNING - Duplicate URL in batch, skipping: https://httpbin.org/status/200
2025-09-18 22:47:32,344 - database - WARNING - Duplicate URL in batch, skipping: https://httpbin.org/status/200
2025-09-18 22:47:33,057 - database - WARNING - Duplicate URL in batch, skipping: https://httpbin.org/delay/1
2025-09-18 22:47:33,102 - database - WARNING - Duplicate URL in batch, skipping: https://httpbin.org/json
2025-09-18 22:47:33,338 - database - WARNING - Duplicate URL in batch, skipping: https://httpbin.org/json
2025-09-18 22:47:33,379 - database - WARNING - Duplicate URL in batch, skipping: https://httpbin.org/delay/1
2025-09-18 22:47:33,386 - database - WARNING - Duplicate URL in batch, skipping: https://httpbin.org/json
2025-09-18 22:47:33,740 - database - WARNING - Duplicate URL in batch, skipping: https://httpbin.org/json
2025-09-18 22:47:34,039 - database - WARNING - Duplicate URL in batch, skipping: https://httpbin.org/xml
2025-09-18 22:47:34,804 - database - WARNING - Duplicate URL in batch, skipping: https://httpbin.org/html
2025-09-18 22:47:35,013 - database - WARNING - Duplicate URL in batch, skipping: https://httpbin.org/status/200
2025-09-18 22:47:35,828 - database - WARNING - Duplicate URL in batch, skipping: https://httpbin.org/delay/1
2025-09-18 22:47:36,137 - database - WARNING - Duplicate URL in batch, skipping: https://httpbin.org/html
2025-09-18 22:47:39,310 - database - WARNING - Duplicate URL in batch, skipping: https://httpbin.org/delay/1
2025-09-18 22:47:39,311 - resilient_runner - INFO - 배치 완료: 50/50 성공
2025-09-18 22:47:39,312 - resilient_runner - INFO - 메모리 정리 시작...
2025-09-18 22:47:39,321 - resilient_runner - INFO - 가비지 컬렉션: 1322개 객체 정리
2025-09-18 22:47:39,322 - resilient_runner - INFO - 메모리 사용량: 48.9MB (87.9%)
2025-09-18 22:47:40,340 - resilient_runner - INFO - 배치 크롤링 시작: 51-100/500
2025-09-18 22:47:40,432 - database - WARNING - Duplicate URL in batch, skipping: https://jsonplaceholder.typicode.com/albums/1
2025-09-18 22:47:40,432 - database - WARNING - Duplicate URL in batch, skipping: https://jsonplaceholder.typicode.com/users/1
2025-09-18 22:47:40,443 - database - WARNING - Duplicate URL in batch, skipping: https://jsonplaceholder.typicode.com/users/1
2025-09-18 22:47:40,448 - database - WARNING - Duplicate URL in batch, skipping: https://jsonplaceholder.typicode.com/users/2
2025-09-18 22:47:40,451 - database - WARNING - Duplicate URL in batch, skipping: https://jsonplaceholder.typicode.com/posts/1
2025-09-18 22:47:40,454 - database - WARNING - Duplicate URL in batch, skipping: https://jsonplaceholder.typicode.com/posts/2
2025-09-18 22:47:40,464 - database - WARNING - Duplicate URL in batch, skipping: https://jsonplaceholder.typicode.com/posts/1
2025-09-18 22:47:40,466 - database - WARNING - Duplicate URL in batch, skipping: https://jsonplaceholder.typicode.com/posts/2
2025-09-18 22:47:40,476 - database - WARNING - Duplicate URL in batch, skipping: https://jsonplaceholder.typicode.com/users/1
2025-09-18 22:47:40,482 - database - WARNING - Duplicate URL in batch, skipping: https://jsonplaceholder.typicode.com/users/2
2025-09-18 22:47:40,492 - database - WARNING - Duplicate URL in batch, skipping: https://jsonplaceholder.typicode.com/albums/1
2025-09-18 22:47:40,495 - database - WARNING - Duplicate URL in batch, skipping: https://jsonplaceholder.typicode.com/posts/1
2025-09-18 22:47:40,496 - database - WARNING - Duplicate URL in batch, skipping: https://jsonplaceholder.typicode.com/posts/2
2025-09-18 22:47:40,502 - database - WARNING - Duplicate URL in batch, skipping: https://jsonplaceholder.typicode.com/users/1
2025-09-18 22:47:40,509 - database - WARNING - Duplicate URL in batch, skipping: https://jsonplaceholder.typicode.com/users/2
2025-09-18 22:47:40,518 - database - WARNING - Duplicate URL in batch, skipping: https://jsonplaceholder.typicode.com/albums/1
2025-09-18 22:47:40,525 - database - WARNING - Duplicate URL in batch, skipping: https://jsonplaceholder.typicode.com/posts/1
2025-09-18 22:47:40,528 - database - WARNING - Duplicate URL in batch, skipping: https://jsonplaceholder.typicode.com/users/1
2025-09-18 22:47:40,534 - database - WARNING - Duplicate URL in batch, skipping: https://jsonplaceholder.typicode.com/posts/2
2025-09-18 22:47:40,535 - database - WARNING - Duplicate URL in batch, skipping: https://jsonplaceholder.typicode.com/users/2
2025-09-18 22:47:40,542 - database - WARNING - Duplicate URL in batch, skipping: https://jsonplaceholder.typicode.com/albums/1
2025-09-18 22:47:40,551 - database - WARNING - Duplicate URL in batch, skipping: https://jsonplaceholder.typicode.com/posts/1
2025-09-18 22:47:40,560 - database - WARNING - Duplicate URL in batch, skipping: https://jsonplaceholder.typicode.com/users/2
2025-09-18 22:47:40,562 - database - WARNING - Duplicate URL in batch, skipping: https://jsonplaceholder.typicode.com/albums/1
2025-09-18 22:47:40,582 - database - WARNING - Duplicate URL in batch, skipping: https://jsonplaceholder.typicode.com/posts/2
2025-09-18 22:47:41,253 - database - WARNING - Duplicate URL in batch, skipping: https://httpbin.org/html
2025-09-18 22:47:41,477 - database - WARNING - Duplicate URL in batch, skipping: https://httpbin.org/status/200
2025-09-18 22:47:41,753 - database - WARNING - Duplicate URL in batch, skipping: https://httpbin.org/json
2025-09-18 22:47:42,342 - database - WARNING - Duplicate URL in batch, skipping: https://httpbin.org/html
2025-09-18 22:47:42,748 - database - WARNING - Duplicate URL in batch, skipping: https://httpbin.org/json
2025-09-18 22:47:43,231 - database - WARNING - Duplicate URL in batch, skipping: https://httpbin.org/xml
2025-09-18 22:47:43,268 - database - WARNING - Duplicate URL in batch, skipping: https://httpbin.org/status/200
2025-09-18 22:47:43,696 - database - WARNING - Duplicate URL in batch, skipping: https://httpbin.org/xml
2025-09-18 22:47:43,753 - database - WARNING - Duplicate URL in batch, skipping: https://httpbin.org/html
2025-09-18 22:47:44,316 - database - WARNING - Duplicate URL in batch, skipping: https://httpbin.org/xml
2025-09-18 22:47:44,710 - database - WARNING - Duplicate URL in batch, skipping: https://httpbin.org/json
2025-09-18 22:47:45,510 - database - WARNING - Duplicate URL in batch, skipping: https://httpbin.org/delay/1
2025-09-18 22:47:46,561 - database - WARNING - Duplicate URL in batch, skipping: https://httpbin.org/xml
2025-09-18 22:47:46,875 - database - WARNING - Duplicate URL in batch, skipping: https://httpbin.org/delay/1
2025-09-18 22:47:47,025 - database - WARNING - Duplicate URL in batch, skipping: https://httpbin.org/delay/1
2025-09-18 22:47:47,370 - database - WARNING - Duplicate URL in batch, skipping: https://httpbin.org/html
2025-09-18 22:47:48,500 - database - WARNING - Duplicate URL in batch, skipping: https://httpbin.org/status/200
2025-09-18 22:47:48,623 - database - WARNING - Duplicate URL in batch, skipping: https://httpbin.org/xml
2025-09-18 22:47:49,362 - database - WARNING - Duplicate URL in batch, skipping: https://httpbin.org/status/200
2025-09-18 22:47:50,030 - database - WARNING - Duplicate URL in batch, skipping: https://httpbin.org/status/200
2025-09-18 22:47:50,473 - database - WARNING - Duplicate URL in batch, skipping: https://httpbin.org/json
2025-09-18 22:47:53,854 - database - WARNING - Duplicate URL in batch, skipping: https://httpbin.org/delay/1
2025-09-18 22:47:55,739 - database - WARNING - Duplicate URL in batch, skipping: https://httpbin.org/json
2025-09-18 22:47:56,303 - database - WARNING - Duplicate URL in batch, skipping: https://httpbin.org/delay/1
2025-09-18 22:48:00,610 - database - WARNING - Duplicate URL in batch, skipping: https://httpbin.org/html
2025-09-18 22:48:00,612 - resilient_runner - INFO - 배치 완료: 50/50 성공
2025-09-18 22:48:00,612 - resilient_runner - INFO - 메모리 정리 시작...
2025-09-18 22:48:00,622 - resilient_runner - INFO - 가비지 컬렉션: 1370개 객체 정리
2025-09-18 22:48:00,622 - resilient_runner - INFO - 메모리 사용량: 48.8MB (87.7%)
2025-09-18 22:48:01,635 - resilient_runner - INFO - 배치 크롤링 시작: 101-150/500
2025-09-18 22:48:01,729 - database - WARNING - Duplicate URL in batch, skipping: https://jsonplaceholder.typicode.com/posts/1
2025-09-18 22:48:01,731 - database - WARNING - Duplicate URL in batch, skipping: https://jsonplaceholder.typicode.com/users/1
2025-09-18 22:48:01,735 - database - WARNING - Duplicate URL in batch, skipping: https://jsonplaceholder.typicode.com/albums/1
2025-09-18 22:48:01,736 - database - WARNING - Duplicate URL in batch, skipping: https://jsonplaceholder.typicode.com/users/2
2025-09-18 22:48:01,740 - database - WARNING - Duplicate URL in batch, skipping: https://jsonplaceholder.typicode.com/albums/1
2025-09-18 22:48:01,741 - database - WARNING - Duplicate URL in batch, skipping: https://jsonplaceholder.typicode.com/users/1
2025-09-18 22:48:01,742 - database - WARNING - Duplicate URL in batch, skipping: https://jsonplaceholder.typicode.com/users/2
2025-09-18 22:48:01,762 - database - WARNING - Duplicate URL in batch, skipping: https://jsonplaceholder.typicode.com/posts/1
2025-09-18 22:48:01,767 - database - WARNING - Duplicate URL in batch, skipping: https://jsonplaceholder.typicode.com/posts/2
2025-09-18 22:48:01,771 - database - WARNING - Duplicate URL in batch, skipping: https://jsonplaceholder.typicode.com/users/1
2025-09-18 22:48:01,773 - database - WARNING - Duplicate URL in batch, skipping: https://jsonplaceholder.typicode.com/albums/1
2025-09-18 22:48:01,773 - database - WARNING - Duplicate URL in batch, skipping: https://jsonplaceholder.typicode.com/users/2
2025-09-18 22:48:01,774 - database - WARNING - Duplicate URL in batch, skipping: https://jsonplaceholder.typicode.com/posts/1
2025-09-18 22:48:01,774 - database - WARNING - Duplicate URL in batch, skipping: https://jsonplaceholder.typicode.com/posts/1
2025-09-18 22:48:01,780 - database - WARNING - Duplicate URL in batch, skipping: https://jsonplaceholder.typicode.com/posts/2
2025-09-18 22:48:01,795 - database - WARNING - Duplicate URL in batch, skipping: https://jsonplaceholder.typicode.com/users/1
2025-09-18 22:48:01,798 - database - WARNING - Duplicate URL in batch, skipping: https://jsonplaceholder.typicode.com/users/2
2025-09-18 22:48:01,804 - database - WARNING - Duplicate URL in batch, skipping: https://jsonplaceholder.typicode.com/albums/1
2025-09-18 22:48:01,806 - database - WARNING - Duplicate URL in batch, skipping: https://jsonplaceholder.typicode.com/posts/1
2025-09-18 22:48:01,811 - database - WARNING - Duplicate URL in batch, skipping: https://jsonplaceholder.typicode.com/posts/2
2025-09-18 22:48:01,812 - database - WARNING - Duplicate URL in batch, skipping: https://jsonplaceholder.typicode.com/users/1
2025-09-18 22:48:01,814 - database - WARNING - Duplicate URL in batch, skipping: https://jsonplaceholder.typicode.com/albums/1
2025-09-18 22:48:01,831 - database - WARNING - Duplicate URL in batch, skipping: https://jsonplaceholder.typicode.com/users/2
2025-09-18 22:48:01,842 - database - WARNING - Duplicate URL in batch, skipping: https://jsonplaceholder.typicode.com/posts/2
2025-09-18 22:48:01,859 - database - WARNING - Duplicate URL in batch, skipping: https://jsonplaceholder.typicode.com/posts/2
2025-09-18 22:48:04,121 - database - WARNING - Duplicate URL in batch, skipping: https://httpbin.org/xml
2025-09-18 22:48:04,354 - database - WARNING - Duplicate URL in batch, skipping: https://httpbin.org/json
2025-09-18 22:48:04,856 - database - WARNING - Duplicate URL in batch, skipping: https://httpbin.org/html
2025-09-18 22:48:04,947 - database - WARNING - Duplicate URL in batch, skipping: https://httpbin.org/status/200
2025-09-18 22:48:05,409 - database - WARNING - Duplicate URL in batch, skipping: https://httpbin.org/delay/1
2025-09-18 22:48:06,361 - database - WARNING - Duplicate URL in batch, skipping: https://httpbin.org/status/200
2025-09-18 22:48:07,607 - database - WARNING - Duplicate URL in batch, skipping: https://httpbin.org/delay/1
2025-09-18 22:48:08,461 - database - WARNING - Duplicate URL in batch, skipping: https://httpbin.org/delay/1
2025-09-18 22:48:13,287 - database - WARNING - Duplicate URL in batch, skipping: https://httpbin.org/json
2025-09-18 22:48:13,592 - database - WARNING - Duplicate URL in batch, skipping: https://httpbin.org/status/200
2025-09-18 22:48:13,853 - database - WARNING - Duplicate URL in batch, skipping: https://httpbin.org/xml
2025-09-18 22:48:14,015 - database - WARNING - Duplicate URL in batch, skipping: https://httpbin.org/status/200
2025-09-18 22:48:15,973 - database - WARNING - Duplicate URL in batch, skipping: https://httpbin.org/delay/1
2025-09-18 22:48:17,510 - database - WARNING - Duplicate URL in batch, skipping: https://httpbin.org/html
2025-09-18 22:48:17,788 - database - WARNING - Duplicate URL in batch, skipping: https://httpbin.org/html
2025-09-18 22:48:19,519 - database - WARNING - Duplicate URL in batch, skipping: https://httpbin.org/xml
2025-09-18 22:48:20,685 - database - WARNING - Duplicate URL in batch, skipping: https://httpbin.org/json
2025-09-18 22:48:20,759 - database - WARNING - Duplicate URL in batch, skipping: https://httpbin.org/html
2025-09-18 22:48:22,186 - database - WARNING - Duplicate URL in batch, skipping: https://httpbin.org/json
2025-09-18 22:48:22,876 - database - WARNING - Duplicate URL in batch, skipping: https://httpbin.org/xml
2025-09-18 22:48:25,848 - database - WARNING - Duplicate URL in batch, skipping: https://httpbin.org/json
2025-09-18 22:48:26,067 - database - WARNING - Duplicate URL in batch, skipping: https://httpbin.org/xml
2025-09-18 22:48:28,849 - database - WARNING - Duplicate URL in batch, skipping: https://httpbin.org/delay/1
2025-09-18 22:48:32,403 - resilient_runner - INFO - 배치 완료: 48/50 성공
2025-09-18 22:48:32,403 - resilient_runner - INFO - 메모리 정리 시작...
2025-09-18 22:48:32,412 - resilient_runner - INFO - 가비지 컬렉션: 1302개 객체 정리
2025-09-18 22:48:32,413 - resilient_runner - INFO - 메모리 사용량: 48.8MB (87.7%)
2025-09-18 22:48:33,435 - resilient_runner - INFO - 배치 크롤링 시작: 151-200/500
2025-09-18 22:48:33,536 - database - WARNING - Duplicate URL in batch, skipping: https://jsonplaceholder.typicode.com/posts/2
2025-09-18 22:48:33,538 - database - WARNING - Duplicate URL in batch, skipping: https://jsonplaceholder.typicode.com/posts/1
2025-09-18 22:48:33,540 - database - WARNING - Duplicate URL in batch, skipping: https://jsonplaceholder.typicode.com/users/2
2025-09-18 22:48:33,545 - database - WARNING - Duplicate URL in batch, skipping: https://jsonplaceholder.typicode.com/albums/1
2025-09-18 22:48:33,547 - database - WARNING - Duplicate URL in batch, skipping: https://jsonplaceholder.typicode.com/users/1
2025-09-18 22:48:33,547 - database - WARNING - Duplicate URL in batch, skipping: https://jsonplaceholder.typicode.com/posts/2
2025-09-18 22:48:33,570 - database - WARNING - Duplicate URL in batch, skipping: https://jsonplaceholder.typicode.com/posts/1
2025-09-18 22:48:33,572 - database - WARNING - Duplicate URL in batch, skipping: https://jsonplaceholder.typicode.com/posts/2
2025-09-18 22:48:33,574 - database - WARNING - Duplicate URL in batch, skipping: https://jsonplaceholder.typicode.com/users/1
2025-09-18 22:48:33,580 - database - WARNING - Duplicate URL in batch, skipping: https://jsonplaceholder.typicode.com/albums/1
2025-09-18 22:48:33,582 - database - WARNING - Duplicate URL in batch, skipping: https://jsonplaceholder.typicode.com/users/2
2025-09-18 22:48:33,586 - database - WARNING - Duplicate URL in batch, skipping: https://jsonplaceholder.typicode.com/posts/1
2025-09-18 22:48:33,603 - database - WARNING - Duplicate URL in batch, skipping: https://jsonplaceholder.typicode.com/posts/2
2025-09-18 22:48:33,606 - database - WARNING - Duplicate URL in batch, skipping: https://jsonplaceholder.typicode.com/users/2
2025-09-18 22:48:33,612 - database - WARNING - Duplicate URL in batch, skipping: https://jsonplaceholder.typicode.com/users/1
2025-09-18 22:48:33,616 - database - WARNING - Duplicate URL in batch, skipping: https://jsonplaceholder.typicode.com/albums/1
2025-09-18 22:48:33,617 - database - WARNING - Duplicate URL in batch, skipping: https://jsonplaceholder.typicode.com/posts/1
2025-09-18 22:48:33,621 - database - WARNING - Duplicate URL in batch, skipping: https://jsonplaceholder.typicode.com/posts/2
2025-09-18 22:48:33,635 - database - WARNING - Duplicate URL in batch, skipping: https://jsonplaceholder.typicode.com/users/1
2025-09-18 22:48:33,640 - database - WARNING - Duplicate URL in batch, skipping: https://jsonplaceholder.typicode.com/users/2
2025-09-18 22:48:33,650 - database - WARNING - Duplicate URL in batch, skipping: https://jsonplaceholder.typicode.com/albums/1
2025-09-18 22:48:33,651 - database - WARNING - Duplicate URL in batch, skipping: https://jsonplaceholder.typicode.com/users/2
2025-09-18 22:48:33,654 - database - WARNING - Duplicate URL in batch, skipping: https://jsonplaceholder.typicode.com/albums/1
2025-09-18 22:48:33,657 - database - WARNING - Duplicate URL in batch, skipping: https://jsonplaceholder.typicode.com/users/1
2025-09-18 22:48:33,670 - database - WARNING - Duplicate URL in batch, skipping: https://jsonplaceholder.typicode.com/posts/1
2025-09-18 22:48:34,326 - database - WARNING - Duplicate URL in batch, skipping: https://httpbin.org/status/200
2025-09-18 22:48:34,691 - database - WARNING - Duplicate URL in batch, skipping: https://httpbin.org/json
2025-09-18 22:48:35,323 - database - WARNING - Duplicate URL in batch, skipping: https://httpbin.org/json
2025-09-18 22:48:35,349 - database - WARNING - Duplicate URL in batch, skipping: https://httpbin.org/html
2025-09-18 22:48:36,054 - database - WARNING - Duplicate URL in batch, skipping: https://httpbin.org/xml
2025-09-18 22:48:36,314 - database - WARNING - Duplicate URL in batch, skipping: https://httpbin.org/status/200
2025-09-18 22:48:37,572 - database - WARNING - Duplicate URL in batch, skipping: https://httpbin.org/delay/1
2025-09-18 22:48:38,209 - database - WARNING - Duplicate URL in batch, skipping: https://httpbin.org/delay/1
2025-09-18 22:48:38,228 - database - WARNING - Duplicate URL in batch, skipping: https://httpbin.org/json
2025-09-18 22:48:40,240 - database - WARNING - Duplicate URL in batch, skipping: https://httpbin.org/xml
2025-09-18 22:48:41,246 - database - WARNING - Duplicate URL in batch, skipping: https://httpbin.org/status/200
2025-09-18 22:48:41,672 - database - WARNING - Duplicate URL in batch, skipping: https://httpbin.org/delay/1
2025-09-18 22:48:41,724 - database - WARNING - Duplicate URL in batch, skipping: https://httpbin.org/json
2025-09-18 22:48:42,682 - database - WARNING - Duplicate URL in batch, skipping: https://httpbin.org/xml
2025-09-18 22:48:44,987 - database - WARNING - Duplicate URL in batch, skipping: https://httpbin.org/status/200
2025-09-18 22:48:46,036 - database - WARNING - Duplicate URL in batch, skipping: https://httpbin.org/delay/1
2025-09-18 22:48:47,608 - database - WARNING - Duplicate URL in batch, skipping: https://httpbin.org/status/200
2025-09-18 22:48:52,272 - database - WARNING - Duplicate URL in batch, skipping: https://httpbin.org/json
2025-09-18 22:48:53,566 - database - WARNING - Duplicate URL in batch, skipping: https://httpbin.org/xml
2025-09-18 22:48:56,901 - database - WARNING - Duplicate URL in batch, skipping: https://httpbin.org/html
